  CCamera.cpp
C:\Users\leona\OneDrive\Área de Trabalho\a\computacao_grafica\BaseAppOpenGL\CCamera.cpp(237,12): warning C4244: '=': conversion from 'double' to 'float', possible loss of data
  CModel_3DS.cpp
  CShaderManager.cpp
  CTerreno.cpp
  CTexto.cpp
  CTexture.cpp
  CTimer.cpp
  GLTexture.cpp
  Helpers.cpp
C:\Users\leona\OneDrive\Área de Trabalho\a\computacao_grafica\BaseAppOpenGL\Helpers.h(1,13): warning C4081: expected 'newline'; found ';'
  Main.cpp
C:\Users\leona\OneDrive\Área de Trabalho\a\computacao_grafica\BaseAppOpenGL\Main.cpp(182,3): warning C4838: conversion from 'int' to 'BYTE' requires a narrowing conversion
  Scene1.cpp
  Scene2.cpp
  Scene3.cpp
  Scene4.cpp
  SceneBaseClass.cpp
  SceneManager.cpp
  Stack.cpp
  Generating Code...
  LINK : C:\Users\leona\OneDrive\Área de Trabalho\a\computacao_grafica\Debug\BaseAppOpenGL.exe not found or not built by the last incremental link; performing full link
  BaseAppOpenGL.vcxproj -> C:\Users\leona\OneDrive\Área de Trabalho\a\computacao_grafica\Debug\BaseAppOpenGL.exe
